<?xml version="1.0" encoding="UTF-8"?>
<!-- Generated by org.testng.reporters.JUnitReportReporter -->
<testsuite hostname="DESKTOP-D8FP579" failures="0" tests="1" name="testngpackage.NewTest" time="0.012" errors="0" timestamp="2023-09-19T13:38:20 EDT" skipped="0">
  <testcase classname="testngpackage.NewTest" name="firsttest" time="0.012"/>
</testsuite> <!-- testngpackage.NewTest -->
