<?xml version="1.0" encoding="UTF-8"?>
<!-- Generated by org.testng.reporters.JUnitReportReporter -->
<testsuite hostname="DESKTOP-D8FP579" failures="0" tests="2" name="testngpackage.BeforeandAfter" time="9.471" errors="0" timestamp="2023-11-14T12:44:30 EST" skipped="0">
  <testcase classname="testngpackage.BeforeandAfter" name="assertHomePage" time="2.071"/>
  <testcase classname="testngpackage.BeforeandAfter" name="performLogin" time="7.400"/>
</testsuite> <!-- testngpackage.BeforeandAfter -->
