<?xml version="1.0" encoding="UTF-8"?>
<!-- Generated by org.testng.reporters.JUnitReportReporter -->
<testsuite hostname="DESKTOP-D8FP579" failures="0" tests="3" name="testngpackage.Mutiplewebsite" time="24.005" errors="0" timestamp="2023-09-24T10:07:55 EDT" skipped="0">
  <testcase classname="testngpackage.Mutiplewebsite" name="openingAmazonSite" time="6.664"/>
  <testcase classname="testngpackage.Mutiplewebsite" name="openingYahooSite" time="12.062"/>
  <testcase classname="testngpackage.Mutiplewebsite" name="openingCnbcSite" time="5.279"/>
</testsuite> <!-- testngpackage.Mutiplewebsite -->
