<?xml version="1.0" encoding="UTF-8"?>
<!-- Generated by org.testng.reporters.JUnitReportReporter -->
<testsuite hostname="DESKTOP-D8FP579" failures="0" tests="1" name="assignmentestngpactage.LoginTC" time="13.632" errors="0" timestamp="2023-11-21T09:06:59 EST" skipped="0">
  <testcase classname="assignmentestngpactage.LoginTC" name="VerifyLoginURL" time="13.632"/>
</testsuite> <!-- assignmentestngpactage.LoginTC -->
