<?xml version="1.0" encoding="UTF-8"?>
<!-- Generated by org.testng.reporters.JUnitReportReporter -->
<testsuite hostname="DESKTOP-D8FP579" failures="0" tests="3" name="testngpackage.Dataproviderclass" time="20.573" errors="0" timestamp="2023-11-16T09:18:26 EST" skipped="0">
  <testcase classname="testngpackage.Dataproviderclass" name="checking" time="4.496"/>
  <testcase classname="testngpackage.Dataproviderclass" name="checking" time="8.313"/>
  <testcase classname="testngpackage.Dataproviderclass" name="checking" time="7.764"/>
</testsuite> <!-- testngpackage.Dataproviderclass -->
